<?xml version="1.0" encoding="UTF-8" ?>
<testsuite tests="5" failures="0" name="pasword.PaswordTest" time="0.078" errors="0" skipped="0">
  <properties>
[...]
</properties>
  <testcase classname="pasword.PaswordTest" name="pasword.PaswordTest.testContrasenaFaltaTiposCaracteres" time="0.075"/>
  <testcase classname="pasword.PaswordTest" name="pasword.PaswordTest.testContrasenaValida" time="0"/>
  <testcase classname="pasword.PaswordTest" name="pasword.PaswordTest.testContrasenaConEspacio" time="0"/>
  <testcase classname="pasword.PaswordTest" name="pasword.PaswordTest.testContrasenaCorta" time="0"/>
  <testcase classname="pasword.PaswordTest" name="pasword.PaswordTest.testContrasenasNoCoinciden" time="0.003"/>
</testsuite>